<?xml version="1.0" encoding="UTF-8"?>
<!-- Generated by org.testng.reporters.JUnitReportReporter -->
<testsuite hostname="vish" failures="0" tests="1" name="base.BaseTest" time="24.441" errors="0" timestamp="2020-09-27T11:09:48 IST" skipped="0">
  <testcase classname="base.BaseTest" name="setup" time="24.441"/>
  <system-out/>
</testsuite> <!-- base.BaseTest -->
